<?xml version="1.0" encoding="UTF-8"?>
<!-- Generated by org.testng.reporters.JUnitXMLReporter -->
<testsuite hostname="DESKTOP-8GU1FPD" name="TestA" tests="3" failures="0" timestamp="8 Sep 2018 11:43:06 GMT" time="47.961" errors="0">
  <testcase name="FirstTc" time="17.601" classname="com.ParallelGrid.testcases.TestCaseA"/>
  <testcase name="SecondTc" time="20.701" classname="com.ParallelGrid.testcases.TestCaseA"/>
  <testcase name="ThirdTc" time="5.999" classname="com.ParallelGrid.testcases.TestCaseA"/>
</testsuite> <!-- TestA -->
