<?xml version="1.0" encoding="UTF-8"?>
<!-- Generated by org.testng.reporters.JUnitXMLReporter -->
<testsuite hostname="DESKTOP-8GU1FPD" name="TestC" tests="3" failures="0" timestamp="16 Sep 2018 05:23:31 GMT" time="274.546" errors="0">
  <testcase name="FirstTc" time="156.958" classname="com.ParallelGrid.testcases.TestCaseC"/>
  <testcase name="SecondTc" time="26.354" classname="com.ParallelGrid.testcases.TestCaseC"/>
  <testcase name="ThirdTc" time="11.937" classname="com.ParallelGrid.testcases.TestCaseC"/>
</testsuite> <!-- TestC -->
