<?xml version="1.0" encoding="UTF-8"?>
<!-- Generated by org.testng.reporters.JUnitXMLReporter -->
<testsuite hostname="DESKTOP-8GU1FPD" name="TestA" tests="3" failures="0" timestamp="16 Sep 2018 05:24:04 GMT" time="307.694" errors="0">
  <testcase name="FirstTc" time="104.195" classname="com.ParallelGrid.testcases.TestCaseA"/>
  <testcase name="SecondTc" time="130.154" classname="com.ParallelGrid.testcases.TestCaseA"/>
  <testcase name="ThirdTc" time="10.122" classname="com.ParallelGrid.testcases.TestCaseA"/>
</testsuite> <!-- TestA -->
