<?xml version="1.0" encoding="UTF-8"?>
<!-- Generated by org.testng.reporters.JUnitXMLReporter -->
<testsuite hostname="DESKTOP-8GU1FPD" name="TestB" tests="3" failures="0" timestamp="8 Sep 2018 11:43:07 GMT" time="49.056" errors="0">
  <testcase name="@BeforeClass setup" time="0.0" classname="com.ParallelGrid.testcases.TestCaseB">
    <failure type="org.openqa.selenium.SessionNotCreatedException" message="Unable to create session from {
  &amp;quot;desiredCapabilities&amp;quot;: {
    &amp;quot;browserName&amp;quot;: &amp;quot;Edge&amp;quot;,
    &amp;quot;server:CONFIG_UUID&amp;quot;: &amp;quot;45e234ea-c2cf-4353-b782-9e504b6f1c9c&amp;quot;,
    &amp;quot;version&amp;quot;: &amp;quot;&amp;quot;,
    &amp;quot;platform&amp;quot;: &amp;quot;WIN10&amp;quot;
  },
  &amp;quot;capabilities&amp;quot;: {
    &amp;quot;desiredCapabilities&amp;quot;: {
      &amp;quot;browserName&amp;quot;: &amp;quot;Edge&amp;quot;,
      &amp;quot;server:CONFIG_UUID&amp;quot;: &amp;quot;45e234ea-c2cf-4353-b782-9e504b6f1c9c&amp;quot;,
      &amp;quot;version&amp;quot;: &amp;quot;&amp;quot;,
      &amp;quot;platform&amp;quot;: &amp;quot;WIN10&amp;quot;
    },
    &amp;quot;firstMatch&amp;quot;: [
      {
        &amp;quot;browserName&amp;quot;: &amp;quot;Edge&amp;quot;,
        &amp;quot;platformName&amp;quot;: &amp;quot;win10&amp;quot;,
        &amp;quot;server:CONFIG_UUID&amp;quot;: &amp;quot;45e234ea-c2cf-4353-b782-9e504b6f1c9c&amp;quot;
      }
    ]
  }
}
Build info: version: &amp;apos;3.13.0&amp;apos;, revision: &amp;apos;2f0d292&amp;apos;, time: &amp;apos;2018-06-25T15:32:19.891Z&amp;apos;
System info: host: &amp;apos;DESKTOP-8GU1FPD&amp;apos;, ip: &amp;apos;10.0.75.1&amp;apos;, os.name: &amp;apos;Windows 10&amp;apos;, os.arch: &amp;apos;amd64&amp;apos;, os.version: &amp;apos;10.0&amp;apos;, java.version: &amp;apos;1.8.0_171&amp;apos;
Driver info: driver.version: unknown
Command duration or timeout: 47.74 seconds">
      <![CDATA[org.openqa.selenium.SessionNotCreatedException: Unable to create session from {
  "desiredCapabilities": {
    "browserName": "Edge",
    "server:CONFIG_UUID": "45e234ea-c2cf-4353-b782-9e504b6f1c9c",
    "version": "",
    "platform": "WIN10"
  },
  "capabilities": {
    "desiredCapabilities": {
      "browserName": "Edge",
      "server:CONFIG_UUID": "45e234ea-c2cf-4353-b782-9e504b6f1c9c",
      "version": "",
      "platform": "WIN10"
    },
    "firstMatch": [
      {
        "browserName": "Edge",
        "platformName": "win10",
        "server:CONFIG_UUID": "45e234ea-c2cf-4353-b782-9e504b6f1c9c"
      }
    ]
  }
}
Build info: version: '3.13.0', revision: '2f0d292', time: '2018-06-25T15:32:19.891Z'
System info: host: 'DESKTOP-8GU1FPD', ip: '10.0.75.1', os.name: 'Windows 10', os.arch: 'amd64', os.version: '10.0', java.version: '1.8.0_171'
Driver info: driver.version: unknown
Command duration or timeout: 47.74 seconds
	at org.openqa.selenium.remote.ErrorHandler.createThrowable(ErrorHandler.java:214)
	at org.openqa.selenium.remote.ErrorHandler.throwIfResponseFailed(ErrorHandler.java:166)
	at org.openqa.selenium.remote.JsonWireProtocolResponse.lambda$new$0(JsonWireProtocolResponse.java:53)
	at org.openqa.selenium.remote.JsonWireProtocolResponse.lambda$getResponseFunction$2(JsonWireProtocolResponse.java:91)
	at org.openqa.selenium.remote.ProtocolHandshake.lambda$createSession$0(ProtocolHandshake.java:123)
	at java.util.stream.ReferencePipeline$3$1.accept(Unknown Source)
	at java.util.Spliterators$ArraySpliterator.tryAdvance(Unknown Source)
	at java.util.stream.ReferencePipeline.forEachWithCancel(Unknown Source)
	at java.util.stream.AbstractPipeline.copyIntoWithCancel(Unknown Source)
	at java.util.stream.AbstractPipeline.copyInto(Unknown Source)
	at java.util.stream.AbstractPipeline.wrapAndCopyInto(Unknown Source)
	at java.util.stream.FindOps$FindOp.evaluateSequential(Unknown Source)
	at java.util.stream.AbstractPipeline.evaluate(Unknown Source)
	at java.util.stream.ReferencePipeline.findFirst(Unknown Source)
	at org.openqa.selenium.remote.ProtocolHandshake.createSession(ProtocolHandshake.java:126)
	at org.openqa.selenium.remote.ProtocolHandshake.createSession(ProtocolHandshake.java:73)
	at org.openqa.selenium.remote.HttpCommandExecutor.execute(HttpCommandExecutor.java:136)
	at org.openqa.selenium.remote.RemoteWebDriver.execute(RemoteWebDriver.java:543)
	at org.openqa.selenium.remote.RemoteWebDriver.startSession(RemoteWebDriver.java:207)
	at org.openqa.selenium.remote.RemoteWebDriver.<init>(RemoteWebDriver.java:130)
	at org.openqa.selenium.remote.RemoteWebDriver.<init>(RemoteWebDriver.java:143)
	at com.ParallelGrid.testcases.TestCaseB.setup(TestCaseB.java:45)
	at java.util.concurrent.FutureTask.run(Unknown Source)
	at java.util.concurrent.ThreadPoolExecutor.runWorker(Unknown Source)
	at java.util.concurrent.ThreadPoolExecutor$Worker.run(Unknown Source)
	at java.lang.Thread.run(Unknown Source)
Caused by: org.openqa.selenium.SessionNotCreatedException: Unable to create session from {
  "desiredCapabilities": {
    "browserName": "Edge",
    "server:CONFIG_UUID": "45e234ea-c2cf-4353-b782-9e504b6f1c9c",
    "version": "",
    "platform": "WIN10"
  },
  "capabilities": {
    "desiredCapabilities": {
      "browserName": "Edge",
      "server:CONFIG_UUID": "45e234ea-c2cf-4353-b782-9e504b6f1c9c",
      "version": "",
      "platform": "WIN10"
    },
    "firstMatch": [
      {
        "browserName": "Edge",
        "platformName": "win10",
        "server:CONFIG_UUID": "45e234ea-c2cf-4353-b782-9e504b6f1c9c"
      }
    ]
  }
}
Build info: version: '3.13.0', revision: '2f0d292', time: '2018-06-25T15:32:19.891Z'
System info: host: 'DESKTOP-8GU1FPD', ip: '10.0.75.1', os.name: 'Windows 10', os.arch: 'amd64', os.version: '10.0', java.version: '1.8.0_171'
Driver info: driver.version: unknown
Build info: version: '3.12.0', revision: '7c6e0b3', time: '2018-05-08T14:04:26.12Z'
System info: host: 'DESKTOP-8GU1FPD', ip: '10.0.75.1', os.name: 'Windows 10', os.arch: 'amd64', os.version: '10.0', java.version: '1.8.0_171'
Driver info: driver.version: unknown
	at org.openqa.selenium.remote.server.NewSessionPipeline.lambda$null$4(NewSessionPipeline.java:75)
	at java.util.Optional.orElseThrow(Unknown Source)
	at org.openqa.selenium.remote.server.NewSessionPipeline.lambda$createNewSession$5(NewSessionPipeline.java:74)
	at java.util.Optional.orElseGet(Unknown Source)
	at org.openqa.selenium.remote.server.NewSessionPipeline.createNewSession(NewSessionPipeline.java:72)
	at org.openqa.selenium.remote.server.commandhandler.BeginSession.execute(BeginSession.java:65)
	at org.openqa.selenium.remote.server.WebDriverServlet.lambda$handle$3(WebDriverServlet.java:247)
	at java.util.concurrent.Executors$RunnableAdapter.call(Unknown Source)
	... 4 more
... Removed 20 stack frames]]>
    </failure>
  </testcase> <!-- @BeforeClass setup -->
  <testcase name="@AfterClass teardown" time="0.0" classname="com.ParallelGrid.testcases.TestCaseB">
    <skipped/>
  </testcase> <!-- @AfterClass teardown -->
  <testcase name="FirstTc" time="0.034" classname="com.ParallelGrid.testcases.TestCaseB">
    <skipped/>
  </testcase> <!-- FirstTc -->
  <testcase name="SecondTc" time="0.001" classname="com.ParallelGrid.testcases.TestCaseB">
    <skipped/>
  </testcase> <!-- SecondTc -->
  <testcase name="ThirdTc" time="0.002" classname="com.ParallelGrid.testcases.TestCaseB">
    <skipped/>
  </testcase> <!-- ThirdTc -->
</testsuite> <!-- TestB -->
