<?xml version="1.0" encoding="UTF-8"?>
<!-- Generated by org.testng.reporters.JUnitXMLReporter -->
<testsuite hostname="DESKTOP-8GU1FPD" name="TestC" tests="3" failures="0" timestamp="8 Sep 2018 11:43:03 GMT" time="45.052" errors="0">
  <testcase name="FirstTc" time="14.066" classname="com.ParallelGrid.testcases.TestCaseC"/>
  <testcase name="SecondTc" time="11.564" classname="com.ParallelGrid.testcases.TestCaseC"/>
  <testcase name="ThirdTc" time="2.833" classname="com.ParallelGrid.testcases.TestCaseC"/>
</testsuite> <!-- TestC -->
