<?xml version="1.0" encoding="UTF-8"?>
<testng-results skipped="3" failed="0" total="9" passed="6">
  <reporter-output>
  </reporter-output>
  <suite name="Suite" duration-ms="307694" started-at="2018-09-16T05:18:57Z" finished-at="2018-09-16T05:24:04Z">
    <groups>
    </groups>
    <test name="TestB" duration-ms="1520" started-at="2018-09-16T05:18:57Z" finished-at="2018-09-16T05:18:58Z">
      <class name="com.ParallelGrid.testcases.TestCaseB">
        <test-method status="FAIL" signature="setup(java.lang.String)[pri:0, instance:com.ParallelGrid.testcases.TestCaseB@1bce4f0a]" name="setup" is-config="true" duration-ms="0" started-at="2018-09-16T15:18:57Z" finished-at="2018-09-16T15:18:57Z">
          <params>
            <param index="0">
              <value>
                <![CDATA[Edge]]>
              </value>
            </param>
          </params>
          <exception class="org.openqa.selenium.SessionNotCreatedException">
            <message>
              <![CDATA[Unable to create session from {
  "desiredCapabilities": {
    "browserName": "Edge",
    "server:CONFIG_UUID": "1c1ea9fb-d964-477f-9442-0c5f1347a37a",
    "version": "",
    "platform": "WIN10"
  },
  "capabilities": {
    "desiredCapabilities": {
      "browserName": "Edge",
      "server:CONFIG_UUID": "1c1ea9fb-d964-477f-9442-0c5f1347a37a",
      "version": "",
      "platform": "WIN10"
    },
    "firstMatch": [
      {
        "browserName": "Edge",
        "platformName": "win10",
        "server:CONFIG_UUID": "1c1ea9fb-d964-477f-9442-0c5f1347a37a"
      }
    ]
  }
}
Build info: version: '3.13.0', revision: '2f0d292', time: '2018-06-25T15:32:19.891Z'
System info: host: 'DESKTOP-8GU1FPD', ip: '10.0.75.1', os.name: 'Windows 10', os.arch: 'amd64', os.version: '10.0', java.version: '1.8.0_171'
Driver info: driver.version: unknown
Command duration or timeout: 524 milliseconds]]>
            </message>
            <full-stacktrace>
              <![CDATA[org.openqa.selenium.SessionNotCreatedException: Unable to create session from {
  "desiredCapabilities": {
    "browserName": "Edge",
    "server:CONFIG_UUID": "1c1ea9fb-d964-477f-9442-0c5f1347a37a",
    "version": "",
    "platform": "WIN10"
  },
  "capabilities": {
    "desiredCapabilities": {
      "browserName": "Edge",
      "server:CONFIG_UUID": "1c1ea9fb-d964-477f-9442-0c5f1347a37a",
      "version": "",
      "platform": "WIN10"
    },
    "firstMatch": [
      {
        "browserName": "Edge",
        "platformName": "win10",
        "server:CONFIG_UUID": "1c1ea9fb-d964-477f-9442-0c5f1347a37a"
      }
    ]
  }
}
Build info: version: '3.13.0', revision: '2f0d292', time: '2018-06-25T15:32:19.891Z'
System info: host: 'DESKTOP-8GU1FPD', ip: '10.0.75.1', os.name: 'Windows 10', os.arch: 'amd64', os.version: '10.0', java.version: '1.8.0_171'
Driver info: driver.version: unknown
Command duration or timeout: 524 milliseconds
	at sun.reflect.NativeConstructorAccessorImpl.newInstance0(Native Method)
	at sun.reflect.NativeConstructorAccessorImpl.newInstance(Unknown Source)
	at sun.reflect.DelegatingConstructorAccessorImpl.newInstance(Unknown Source)
	at java.lang.reflect.Constructor.newInstance(Unknown Source)
	at org.openqa.selenium.remote.ErrorHandler.createThrowable(ErrorHandler.java:214)
	at org.openqa.selenium.remote.ErrorHandler.throwIfResponseFailed(ErrorHandler.java:166)
	at org.openqa.selenium.remote.JsonWireProtocolResponse.lambda$new$0(JsonWireProtocolResponse.java:53)
	at org.openqa.selenium.remote.JsonWireProtocolResponse.lambda$getResponseFunction$2(JsonWireProtocolResponse.java:91)
	at org.openqa.selenium.remote.ProtocolHandshake.lambda$createSession$0(ProtocolHandshake.java:123)
	at java.util.stream.ReferencePipeline$3$1.accept(Unknown Source)
	at java.util.Spliterators$ArraySpliterator.tryAdvance(Unknown Source)
	at java.util.stream.ReferencePipeline.forEachWithCancel(Unknown Source)
	at java.util.stream.AbstractPipeline.copyIntoWithCancel(Unknown Source)
	at java.util.stream.AbstractPipeline.copyInto(Unknown Source)
	at java.util.stream.AbstractPipeline.wrapAndCopyInto(Unknown Source)
	at java.util.stream.FindOps$FindOp.evaluateSequential(Unknown Source)
	at java.util.stream.AbstractPipeline.evaluate(Unknown Source)
	at java.util.stream.ReferencePipeline.findFirst(Unknown Source)
	at org.openqa.selenium.remote.ProtocolHandshake.createSession(ProtocolHandshake.java:126)
	at org.openqa.selenium.remote.ProtocolHandshake.createSession(ProtocolHandshake.java:73)
	at org.openqa.selenium.remote.HttpCommandExecutor.execute(HttpCommandExecutor.java:136)
	at org.openqa.selenium.remote.RemoteWebDriver.execute(RemoteWebDriver.java:543)
	at org.openqa.selenium.remote.RemoteWebDriver.startSession(RemoteWebDriver.java:207)
	at org.openqa.selenium.remote.RemoteWebDriver.<init>(RemoteWebDriver.java:130)
	at org.openqa.selenium.remote.RemoteWebDriver.<init>(RemoteWebDriver.java:143)
	at com.ParallelGrid.testcases.TestCaseB.setup(TestCaseB.java:45)
	at sun.reflect.NativeMethodAccessorImpl.invoke0(Native Method)
	at sun.reflect.NativeMethodAccessorImpl.invoke(Unknown Source)
	at sun.reflect.DelegatingMethodAccessorImpl.invoke(Unknown Source)
	at java.lang.reflect.Method.invoke(Unknown Source)
	at org.testng.internal.MethodInvocationHelper.invokeMethod(MethodInvocationHelper.java:80)
	at org.testng.internal.Invoker.invokeConfigurationMethod(Invoker.java:564)
	at org.testng.internal.Invoker.invokeConfigurations(Invoker.java:213)
	at org.testng.internal.Invoker.invokeConfigurations(Invoker.java:138)
	at org.testng.internal.TestMethodWorker.invokeBeforeClassMethods(TestMethodWorker.java:175)
	at org.testng.internal.TestMethodWorker.run(TestMethodWorker.java:107)
	at org.testng.TestRunner.privateRun(TestRunner.java:767)
	at org.testng.TestRunner.run(TestRunner.java:617)
	at org.testng.SuiteRunner.runTest(SuiteRunner.java:334)
	at org.testng.SuiteRunner.access$000(SuiteRunner.java:37)
	at org.testng.SuiteRunner$SuiteWorker.run(SuiteRunner.java:368)
	at org.testng.internal.thread.ThreadUtil$2.call(ThreadUtil.java:64)
	at java.util.concurrent.FutureTask.run(Unknown Source)
	at java.util.concurrent.ThreadPoolExecutor.runWorker(Unknown Source)
	at java.util.concurrent.ThreadPoolExecutor$Worker.run(Unknown Source)
	at java.lang.Thread.run(Unknown Source)
Caused by: org.openqa.selenium.SessionNotCreatedException: Unable to create session from {
  "desiredCapabilities": {
    "browserName": "Edge",
    "server:CONFIG_UUID": "1c1ea9fb-d964-477f-9442-0c5f1347a37a",
    "version": "",
    "platform": "WIN10"
  },
  "capabilities": {
    "desiredCapabilities": {
      "browserName": "Edge",
      "server:CONFIG_UUID": "1c1ea9fb-d964-477f-9442-0c5f1347a37a",
      "version": "",
      "platform": "WIN10"
    },
    "firstMatch": [
      {
        "browserName": "Edge",
        "platformName": "win10",
        "server:CONFIG_UUID": "1c1ea9fb-d964-477f-9442-0c5f1347a37a"
      }
    ]
  }
}
Build info: version: '3.13.0', revision: '2f0d292', time: '2018-06-25T15:32:19.891Z'
System info: host: 'DESKTOP-8GU1FPD', ip: '10.0.75.1', os.name: 'Windows 10', os.arch: 'amd64', os.version: '10.0', java.version: '1.8.0_171'
Driver info: driver.version: unknown
Build info: version: '3.12.0', revision: '7c6e0b3', time: '2018-05-08T14:04:26.12Z'
System info: host: 'DESKTOP-8GU1FPD', ip: '10.0.75.1', os.name: 'Windows 10', os.arch: 'amd64', os.version: '10.0', java.version: '1.8.0_171'
Driver info: driver.version: unknown
	at org.openqa.selenium.remote.server.NewSessionPipeline.lambda$null$4(NewSessionPipeline.java:75)
	at java.util.Optional.orElseThrow(Unknown Source)
	at org.openqa.selenium.remote.server.NewSessionPipeline.lambda$createNewSession$5(NewSessionPipeline.java:74)
	at java.util.Optional.orElseGet(Unknown Source)
	at org.openqa.selenium.remote.server.NewSessionPipeline.createNewSession(NewSessionPipeline.java:72)
	at org.openqa.selenium.remote.server.commandhandler.BeginSession.execute(BeginSession.java:65)
	at org.openqa.selenium.remote.server.WebDriverServlet.lambda$handle$3(WebDriverServlet.java:247)
	at java.util.concurrent.Executors$RunnableAdapter.call(Unknown Source)
	... 4 more
]]>
            </full-stacktrace>
          </exception> <!-- org.openqa.selenium.SessionNotCreatedException -->
          <reporter-output>
          </reporter-output>
        </test-method> <!-- setup -->
        <test-method status="SKIP" signature="FirstTc()[pri:0, instance:com.ParallelGrid.testcases.TestCaseB@1bce4f0a]" name="FirstTc" duration-ms="2" started-at="2018-09-16T15:18:58Z" finished-at="2018-09-16T15:18:58Z">
          <reporter-output>
          </reporter-output>
        </test-method> <!-- FirstTc -->
        <test-method status="SKIP" signature="SecondTc()[pri:0, instance:com.ParallelGrid.testcases.TestCaseB@1bce4f0a]" name="SecondTc" duration-ms="3" started-at="2018-09-16T15:18:58Z" finished-at="2018-09-16T15:18:58Z">
          <reporter-output>
          </reporter-output>
        </test-method> <!-- SecondTc -->
        <test-method status="SKIP" signature="ThirdTc()[pri:0, instance:com.ParallelGrid.testcases.TestCaseB@1bce4f0a]" name="ThirdTc" duration-ms="5" started-at="2018-09-16T15:18:58Z" finished-at="2018-09-16T15:18:58Z">
          <reporter-output>
          </reporter-output>
        </test-method> <!-- ThirdTc -->
        <test-method status="SKIP" signature="teardown()[pri:0, instance:com.ParallelGrid.testcases.TestCaseB@1bce4f0a]" name="teardown" is-config="true" duration-ms="3" started-at="2018-09-16T15:18:58Z" finished-at="2018-09-16T15:18:58Z">
          <reporter-output>
          </reporter-output>
        </test-method> <!-- teardown -->
      </class> <!-- com.ParallelGrid.testcases.TestCaseB -->
    </test> <!-- TestB -->
    <test name="TestC" duration-ms="274546" started-at="2018-09-16T05:18:57Z" finished-at="2018-09-16T05:23:31Z">
      <class name="com.ParallelGrid.testcases.TestCaseC">
        <test-method status="PASS" signature="setup(java.lang.String)[pri:0, instance:com.ParallelGrid.testcases.TestCaseC@6d4b1c02]" name="setup" is-config="true" duration-ms="62938" started-at="2018-09-16T15:18:57Z" finished-at="2018-09-16T15:20:00Z">
          <params>
            <param index="0">
              <value>
                <![CDATA[firefox]]>
              </value>
            </param>
          </params>
          <reporter-output>
          </reporter-output>
        </test-method> <!-- setup -->
        <test-method status="PASS" signature="FirstTc()[pri:0, instance:com.ParallelGrid.testcases.TestCaseC@6d4b1c02]" name="FirstTc" duration-ms="156958" started-at="2018-09-16T15:20:00Z" finished-at="2018-09-16T15:22:37Z">
          <reporter-output>
          </reporter-output>
        </test-method> <!-- FirstTc -->
        <test-method status="PASS" signature="SecondTc()[pri:0, instance:com.ParallelGrid.testcases.TestCaseC@6d4b1c02]" name="SecondTc" duration-ms="26354" started-at="2018-09-16T15:22:37Z" finished-at="2018-09-16T15:23:03Z">
          <reporter-output>
          </reporter-output>
        </test-method> <!-- SecondTc -->
        <test-method status="PASS" signature="ThirdTc()[pri:0, instance:com.ParallelGrid.testcases.TestCaseC@6d4b1c02]" name="ThirdTc" duration-ms="11937" started-at="2018-09-16T15:23:03Z" finished-at="2018-09-16T15:23:15Z">
          <reporter-output>
          </reporter-output>
        </test-method> <!-- ThirdTc -->
        <test-method status="PASS" signature="teardown()[pri:0, instance:com.ParallelGrid.testcases.TestCaseC@6d4b1c02]" name="teardown" is-config="true" duration-ms="16342" started-at="2018-09-16T15:23:15Z" finished-at="2018-09-16T15:23:31Z">
          <reporter-output>
          </reporter-output>
        </test-method> <!-- teardown -->
      </class> <!-- com.ParallelGrid.testcases.TestCaseC -->
    </test> <!-- TestC -->
    <test name="TestA" duration-ms="307694" started-at="2018-09-16T05:18:57Z" finished-at="2018-09-16T05:24:04Z">
      <class name="com.ParallelGrid.testcases.TestCaseA">
        <test-method status="PASS" signature="setup(java.lang.String)[pri:0, instance:com.ParallelGrid.testcases.TestCaseA@457e2f02]" name="setup" is-config="true" duration-ms="62745" started-at="2018-09-16T15:18:57Z" finished-at="2018-09-16T15:20:00Z">
          <params>
            <param index="0">
              <value>
                <![CDATA[chrome]]>
              </value>
            </param>
          </params>
          <reporter-output>
          </reporter-output>
        </test-method> <!-- setup -->
        <test-method status="PASS" signature="FirstTc()[pri:0, instance:com.ParallelGrid.testcases.TestCaseA@457e2f02]" name="FirstTc" duration-ms="104195" started-at="2018-09-16T15:20:00Z" finished-at="2018-09-16T15:21:44Z">
          <reporter-output>
          </reporter-output>
        </test-method> <!-- FirstTc -->
        <test-method status="PASS" signature="SecondTc()[pri:0, instance:com.ParallelGrid.testcases.TestCaseA@457e2f02]" name="SecondTc" duration-ms="130154" started-at="2018-09-16T15:21:44Z" finished-at="2018-09-16T15:23:54Z">
          <reporter-output>
          </reporter-output>
        </test-method> <!-- SecondTc -->
        <test-method status="PASS" signature="ThirdTc()[pri:0, instance:com.ParallelGrid.testcases.TestCaseA@457e2f02]" name="ThirdTc" duration-ms="10122" started-at="2018-09-16T15:23:54Z" finished-at="2018-09-16T15:24:04Z">
          <reporter-output>
          </reporter-output>
        </test-method> <!-- ThirdTc -->
        <test-method status="PASS" signature="teardown()[pri:0, instance:com.ParallelGrid.testcases.TestCaseA@457e2f02]" name="teardown" is-config="true" duration-ms="462" started-at="2018-09-16T15:24:04Z" finished-at="2018-09-16T15:24:04Z">
          <reporter-output>
          </reporter-output>
        </test-method> <!-- teardown -->
      </class> <!-- com.ParallelGrid.testcases.TestCaseA -->
    </test> <!-- TestA -->
  </suite> <!-- Suite -->
</testng-results>
