<?xml version="1.0" encoding="UTF-8"?>
<testng-results skipped="0" failed="0" total="1" passed="1">
  <reporter-output>
  </reporter-output>
  <suite name="Default suite" duration-ms="9886" started-at="2018-09-10T11:25:25Z" finished-at="2018-09-10T11:25:35Z">
    <groups>
    </groups>
    <test name="Default test" duration-ms="9886" started-at="2018-09-10T11:25:25Z" finished-at="2018-09-10T11:25:35Z">
      <class name="com.ParallelGrid.testcases.RunningTestOnDocker">
        <test-method status="PASS" signature="runTestOnDocker()[pri:0, instance:com.ParallelGrid.testcases.RunningTestOnDocker@4f933fd1]" name="runTestOnDocker" duration-ms="9867" started-at="2018-09-10T21:25:25Z" finished-at="2018-09-10T21:25:35Z">
          <reporter-output>
          </reporter-output>
        </test-method> <!-- runTestOnDocker -->
      </class> <!-- com.ParallelGrid.testcases.RunningTestOnDocker -->
    </test> <!-- Default test -->
  </suite> <!-- Default suite -->
</testng-results>
